<?xml version="1.0" encoding="UTF-8"?>
<!-- Generated by org.testng.reporters.JUnitXMLReporter -->
<testsuite hostname="KiranMac.local" ignored="0" name="Free CRM App Test Cases" tests="3" failures="1" timestamp="30 Jul 2019 20:28:15 GMT" time="54.46" errors="0">
  <testcase name="firstTest" time="2.999" classname="com.qa.tests.SampleTest"/>
  <testcase name="secondTest" time="1.774" classname="com.qa.tests.SampleTest"/>
  <testcase name="thirdTest" time="46.772" classname="com.qa.tests.SampleTest">
    <failure type="java.lang.AssertionError" message="expected [XYZ] but found [TestNG Listeners in Selenium: ITestListener &amp;amp; ITestResult Example]">
      <![CDATA[java.lang.AssertionError: expected [XYZ] but found [TestNG Listeners in Selenium: ITestListener & ITestResult Example]
at com.qa.tests.SampleTest.thirdTest(SampleTest.java:49)
... Removed 31 stack frames]]>
    </failure>
  </testcase> <!-- thirdTest -->
</testsuite> <!-- Free CRM App Test Cases -->
