<?xml version="1.0" encoding="UTF-8"?>
<!-- Generated by org.testng.reporters.JUnitXMLReporter -->
<testsuite hostname="KiranMac.local" ignored="0" name="Selenium Utility test cases" tests="4" failures="1" timestamp="02 Aug 2019 00:15:24 GMT" time="43.562" errors="0">
  <testcase name="firstTest" time="5.085" classname="com.qa.tests.SampleTest"/>
  <testcase name="secondTest" time="4.0" classname="com.qa.tests.SampleTest"/>
  <testcase name="thirdTest" time="32.622" classname="com.qa.tests.SampleTest">
    <failure type="java.lang.AssertionError" message="expected:&amp;lt;TestNG Listeners in Selenium: ITestListener &amp;amp; ITestResult Example&amp;gt; but was:&amp;lt;XYZ&amp;gt;">
      <![CDATA[java.lang.AssertionError: expected:<TestNG Listeners in Selenium: ITestListener & ITestResult Example> but was:<XYZ>
at com.qa.tests.SampleTest.thirdTest(SampleTest.java:53)
... Removed 27 stack frames]]>
    </failure>
  </testcase> <!-- thirdTest -->
  <testcase name="printProperties" time="0.014" classname="com.qa.utilTests.ReadProperties"/>
</testsuite> <!-- Selenium Utility test cases -->
