<?xml version="1.0" encoding="UTF-8"?>
<!-- Generated by org.testng.reporters.JUnitXMLReporter -->
<testsuite hostname="KiranMac.local" ignored="0" name="Selenium Utility test cases with Chrome Browser" tests="4" failures="1" timestamp="05 Aug 2019 18:51:31 GMT" time="59.974" errors="0">
  <testcase name="firstTest" time="5.299" classname="com.qa.tests.SampleTest"/>
  <testcase name="secondTest" time="1.71" classname="com.qa.tests.SampleTest"/>
  <testcase name="thirdTest" time="49.71" classname="com.qa.tests.SampleTest">
    <failure type="java.lang.AssertionError" message="expected:&amp;lt;TestNG Listeners in Selenium: ITestListener &amp;amp; ITestResult Example&amp;gt; but was:&amp;lt;XYZ&amp;gt;">
      <![CDATA[java.lang.AssertionError: expected:<TestNG Listeners in Selenium: ITestListener & ITestResult Example> but was:<XYZ>
at com.qa.tests.SampleTest.thirdTest(SampleTest.java:53)
at java.util.concurrent.FutureTask.run(FutureTask.java:266)
at java.util.concurrent.ThreadPoolExecutor.runWorker(ThreadPoolExecutor.java:1149)
at java.util.concurrent.ThreadPoolExecutor$Worker.run(ThreadPoolExecutor.java:624)
at java.lang.Thread.run(Thread.java:748)
... Removed 18 stack frames]]>
    </failure>
  </testcase> <!-- thirdTest -->
  <testcase name="printProperties" time="0.005" classname="com.qa.utilTests.ReadProperties"/>
</testsuite> <!-- Selenium Utility test cases with Chrome Browser -->
